2023-08-06 05:25:06.352777 - Initialized conversion of CBT590
2023-08-06 05:25:07.322886 - Received CBT.V505.FILE590.PDS from FILE590.XMI 
2023-08-06 05:25:07.325403 - Found $$$#DATE.txt (text/plain) in CBT.V505.FILE590.PDS, moved to PDS/$$$#DATE
2023-08-06 05:25:07.326377 - Found $$ASMDOC.txt (text/plain) in CBT.V505.FILE590.PDS, moved to PDS/$$ASMDOC
2023-08-06 05:25:07.327391 - Found $$NOTE1.txt (text/plain) in CBT.V505.FILE590.PDS, moved to PDS/$$NOTE1
2023-08-06 05:25:07.328572 - Found @FILE590.txt (text/plain) in CBT.V505.FILE590.PDS, moved to PDS/@FILE590
2023-08-06 05:25:07.329625 - Found ASM00001.jcl (text/plain) in CBT.V505.FILE590.PDS, moved to PDS/ASM00001
2023-08-06 05:25:07.330612 - Found ASM00002.jcl (text/plain) in CBT.V505.FILE590.PDS, moved to PDS/ASM00002
2023-08-06 05:25:07.331715 - Found ASM00003.jcl (text/plain) in CBT.V505.FILE590.PDS, moved to PDS/ASM00003
2023-08-06 05:25:07.332901 - Found ASM00004.jcl (text/plain) in CBT.V505.FILE590.PDS, moved to PDS/ASM00004
2023-08-06 05:25:07.334162 - Found ASM00005.jcl (text/plain) in CBT.V505.FILE590.PDS, moved to PDS/ASM00005
2023-08-06 05:25:07.335208 - Found ASM00006.jcl (text/plain) in CBT.V505.FILE590.PDS, moved to PDS/ASM00006
2023-08-06 05:25:07.336160 - Found ASM00007.jcl (text/plain) in CBT.V505.FILE590.PDS, moved to PDS/ASM00007
2023-08-06 05:25:07.337109 - Found ASM00008.jcl (text/plain) in CBT.V505.FILE590.PDS, moved to PDS/ASM00008
2023-08-06 05:25:07.338029 - Found ASM00009.jcl (text/plain) in CBT.V505.FILE590.PDS, moved to PDS/ASM00009
2023-08-06 05:25:07.338968 - Found ASM00010.jcl (text/plain) in CBT.V505.FILE590.PDS, moved to PDS/ASM00010
2023-08-06 05:25:07.339855 - Found ASM00011.jcl (text/plain) in CBT.V505.FILE590.PDS, moved to PDS/ASM00011
2023-08-06 05:25:07.340783 - Found ASM00012.txt (text/plain) in CBT.V505.FILE590.PDS, moved to PDS/ASM00012
2023-08-06 05:25:07.341835 - Found ASM00013.txt (text/plain) in CBT.V505.FILE590.PDS, moved to PDS/ASM00013
2023-08-06 05:25:07.343122 - Found ASM00014.jcl (text/plain) in CBT.V505.FILE590.PDS, moved to PDS/ASM00014
2023-08-06 05:25:07.344502 - Found ASM00015.jcl (text/plain) in CBT.V505.FILE590.PDS, moved to PDS/ASM00015
2023-08-06 05:25:07.345707 - Found ASM00016.jcl (text/plain) in CBT.V505.FILE590.PDS, moved to PDS/ASM00016
2023-08-06 05:25:07.346797 - Found ASM00017.jcl (text/plain) in CBT.V505.FILE590.PDS, moved to PDS/ASM00017
2023-08-06 05:25:07.347897 - Found ASM00018.jcl (text/plain) in CBT.V505.FILE590.PDS, moved to PDS/ASM00018
2023-08-06 05:25:07.349050 - Found ASM00019.jcl (text/plain) in CBT.V505.FILE590.PDS, moved to PDS/ASM00019
2023-08-06 05:25:07.350112 - Found ASM00020.jcl (text/plain) in CBT.V505.FILE590.PDS, moved to PDS/ASM00020
2023-08-06 05:25:07.351202 - Found ASM00021.jcl (text/plain) in CBT.V505.FILE590.PDS, moved to PDS/ASM00021
2023-08-06 05:25:07.352142 - Found ASM00022.jcl (text/plain) in CBT.V505.FILE590.PDS, moved to PDS/ASM00022
2023-08-06 05:25:07.353205 - Found ASM00023.jcl (text/plain) in CBT.V505.FILE590.PDS, moved to PDS/ASM00023
2023-08-06 05:25:07.354239 - Found ASM00024.jcl (text/plain) in CBT.V505.FILE590.PDS, moved to PDS/ASM00024
2023-08-06 05:25:07.355211 - Found ASM00025.jcl (text/plain) in CBT.V505.FILE590.PDS, moved to PDS/ASM00025
2023-08-06 05:25:07.356491 - Found ASM00026.jcl (text/plain) in CBT.V505.FILE590.PDS, moved to PDS/ASM00026
2023-08-06 05:25:07.357614 - Found ASM00027.jcl (text/plain) in CBT.V505.FILE590.PDS, moved to PDS/ASM00027
2023-08-06 05:25:07.358533 - Found ASM00028.jcl (text/plain) in CBT.V505.FILE590.PDS, moved to PDS/ASM00028
2023-08-06 05:25:07.359431 - Found ASM00029.jcl (text/plain) in CBT.V505.FILE590.PDS, moved to PDS/ASM00029
2023-08-06 05:25:07.360369 - Found ASM00030.jcl (text/plain) in CBT.V505.FILE590.PDS, moved to PDS/ASM00030
2023-08-06 05:25:07.361392 - Found ASM00031.jcl (text/plain) in CBT.V505.FILE590.PDS, moved to PDS/ASM00031
2023-08-06 05:25:07.362717 - Found ASM00032.jcl (text/plain) in CBT.V505.FILE590.PDS, moved to PDS/ASM00032
2023-08-06 05:25:07.363907 - Found ASM00033.jcl (text/plain) in CBT.V505.FILE590.PDS, moved to PDS/ASM00033
2023-08-06 05:25:07.364895 - Found ASM00034.jcl (text/plain) in CBT.V505.FILE590.PDS, moved to PDS/ASM00034
2023-08-06 05:25:07.365973 - Found ASM00035.jcl (text/plain) in CBT.V505.FILE590.PDS, moved to PDS/ASM00035
2023-08-06 05:25:07.367030 - Found ASM00036.jcl (text/plain) in CBT.V505.FILE590.PDS, moved to PDS/ASM00036
2023-08-06 05:25:07.368066 - Found ASM00037.jcl (text/plain) in CBT.V505.FILE590.PDS, moved to PDS/ASM00037
2023-08-06 05:25:07.369057 - Found ASM00038.jcl (text/plain) in CBT.V505.FILE590.PDS, moved to PDS/ASM00038
2023-08-06 05:25:07.370100 - Found ASM00039.jcl (text/plain) in CBT.V505.FILE590.PDS, moved to PDS/ASM00039
2023-08-06 05:25:07.371070 - Found ASM00040.jcl (text/plain) in CBT.V505.FILE590.PDS, moved to PDS/ASM00040
2023-08-06 05:25:07.372087 - Found ASM00041.jcl (text/plain) in CBT.V505.FILE590.PDS, moved to PDS/ASM00041
2023-08-06 05:25:07.373135 - Found ASM00042.jcl (text/plain) in CBT.V505.FILE590.PDS, moved to PDS/ASM00042
2023-08-06 05:25:07.374220 - Found ASM00043.jcl (text/plain) in CBT.V505.FILE590.PDS, moved to PDS/ASM00043
2023-08-06 05:25:07.375255 - Found ASM00044.jcl (text/plain) in CBT.V505.FILE590.PDS, moved to PDS/ASM00044
2023-08-06 05:25:07.376204 - Found ASM00045.jcl (text/plain) in CBT.V505.FILE590.PDS, moved to PDS/ASM00045
2023-08-06 05:25:07.377206 - Found ASM00046.jcl (text/plain) in CBT.V505.FILE590.PDS, moved to PDS/ASM00046
2023-08-06 05:25:07.378366 - Found ASM00047.jcl (text/plain) in CBT.V505.FILE590.PDS, moved to PDS/ASM00047
2023-08-06 05:25:07.379475 - Found ASM00048.jcl (text/plain) in CBT.V505.FILE590.PDS, moved to PDS/ASM00048
2023-08-06 05:25:07.380518 - Found ASM00049.txt (text/plain) in CBT.V505.FILE590.PDS, moved to PDS/ASM00049
2023-08-06 05:25:07.381601 - Found ASM00050.jcl (text/plain) in CBT.V505.FILE590.PDS, moved to PDS/ASM00050
2023-08-06 05:25:07.382553 - Found ASM00051.jcl (text/plain) in CBT.V505.FILE590.PDS, moved to PDS/ASM00051
2023-08-06 05:25:07.383443 - Found ASM00052.jcl (text/plain) in CBT.V505.FILE590.PDS, moved to PDS/ASM00052
2023-08-06 05:25:07.384334 - Found ASM00053.jcl (text/plain) in CBT.V505.FILE590.PDS, moved to PDS/ASM00053
2023-08-06 05:25:07.385268 - Found ASM00054.jcl (text/plain) in CBT.V505.FILE590.PDS, moved to PDS/ASM00054
2023-08-06 05:25:07.386207 - Found ASM00055.jcl (text/plain) in CBT.V505.FILE590.PDS, moved to PDS/ASM00055
2023-08-06 05:25:07.387188 - Found ASM00056.jcl (text/plain) in CBT.V505.FILE590.PDS, moved to PDS/ASM00056
2023-08-06 05:25:07.388244 - Found ASM00057.jcl (text/plain) in CBT.V505.FILE590.PDS, moved to PDS/ASM00057
2023-08-06 05:25:07.389166 - Found ASM00058.jcl (text/plain) in CBT.V505.FILE590.PDS, moved to PDS/ASM00058
2023-08-06 05:25:07.390100 - Found ASM00059.jcl (text/plain) in CBT.V505.FILE590.PDS, moved to PDS/ASM00059
2023-08-06 05:25:07.391166 - Found ASM00060.jcl (text/plain) in CBT.V505.FILE590.PDS, moved to PDS/ASM00060
2023-08-06 05:25:07.392146 - Found ASM00061.jcl (text/plain) in CBT.V505.FILE590.PDS, moved to PDS/ASM00061
2023-08-06 05:25:07.393026 - Found ASM00062.txt (text/plain) in CBT.V505.FILE590.PDS, moved to PDS/ASM00062
